<?xml version="1.0" encoding="UTF-8" ?>
<testsuite errors="0" failures="2" hostname="OUSPG-Ville" name="basictest" skipped="0" tests="4" time="21.635" timestamp="2018-07-11T07:35:33">
  <properties>
[...]
</properties>
  <testcase classname="basictest" name="testPetPostRandomInput" time="10.149" />
  <testcase classname="basictest" name="testLogIn" time="5.422">
    <failure message="Error text is visible" type="junit.framework.AssertionFailedError">junit.framework.AssertionFailedError: Error text is visible
	at basictest.testLogIn(basictest.java:149)
</failure>
  </testcase>
  <testcase classname="basictest" name="testDirectoryBrowsing" time="3.126">
    <failure message="Directory http://localhost/mutillidae/index&#xa;does not exist" type="junit.framework.AssertionFailedError">junit.framework.AssertionFailedError: Directory http://localhost/mutillidae/index
does not exist
	at basictest.testDirectoryBrowsing(basictest.java:160)
</failure>
  </testcase>
  <testcase classname="basictest" name="testLooping" time="2.891" />
  <system-out><![CDATA[Radamsa fuzzed 20 into 655373

Radamsa fuzzed 20 into -63602534012

Radamsa fuzzed petname into p�tname

Radamsa fuzzed fuzzthisstring.com into 
Radamsa fuzzed fuzzthisstring.com into fuzz�thHEiiiisst
cr

Radamsa fuzzed index into index

]]></system-out>
  <system-err><![CDATA[Jul 11, 2018 10:35:33 AM org.openqa.selenium.remote.DesiredCapabilities firefox
INFO: Using `new FirefoxOptions()` is preferred to `DesiredCapabilities.firefox()`
1531294533330	geckodriver	INFO	geckodriver 0.21.0
1531294533344	geckodriver	INFO	Listening on 127.0.0.1:10856
1531294533572	mozrunner::runner	INFO	Running command: "/usr/lib/firefox/firefox" "-marionette" "-foreground" "-no-remote" "-profile" "/tmp/rust_mozprofile.U6JURd8NDi23"
1531294535641	Marionette	INFO	Listening on port 37827
1531294535692	Marionette	WARN	TLS certificate errors will be ignored for this session
Jul 11, 2018 10:35:35 AM org.openqa.selenium.remote.ProtocolHandshake createSession
INFO: Detected dialect: W3C
*** UTM:SVC TimerManager:registerTimer called after profile-before-change notification. Ignoring timer registration for id: telemetry_modules_ping
Jul 11, 2018 10:35:43 AM org.openqa.selenium.remote.DesiredCapabilities firefox
INFO: Using `new FirefoxOptions()` is preferred to `DesiredCapabilities.firefox()`
1531294543225	geckodriver	INFO	geckodriver 0.21.0
1531294543232	geckodriver	INFO	Listening on 127.0.0.1:28918
1531294543241	mozrunner::runner	INFO	Running command: "/usr/lib/firefox/firefox" "-marionette" "-foreground" "-no-remote" "-profile" "/tmp/rust_mozprofile.61krVrc9Tpv7"
1531294545230	Marionette	INFO	Listening on port 40065
1531294545254	Marionette	WARN	TLS certificate errors will be ignored for this session
Jul 11, 2018 10:35:45 AM org.openqa.selenium.remote.ProtocolHandshake createSession
INFO: Detected dialect: W3C
JavaScript warning: http://localhost:81/mutillidae/javascript/ddsmoothmenu/jquery.min.js, line 19: unreachable code after return statement
JavaScript error: http://localhost:81/mutillidae/index.php?page=user-info.php, line 1: ReferenceError: onLoadOfBody is not defined

(/usr/lib/firefox/firefox:15616): dconf-WARNING **: 10:35:47.142: Unable to open /var/lib/snapd/desktop/dconf/profile/user: Permission denied
JavaScript warning: http://localhost:81/mutillidae/javascript/ddsmoothmenu/jquery.min.js, line 19: unreachable code after return statement
JavaScript error: http://localhost:81/mutillidae/index.php?page=user-info.php&username=&password=fuzz%EF%BF%BDthHEiiiisstcr&user-info-php-submit-button=View+Account+Details, line 1: ReferenceError: onLoadOfBody is not defined
*** UTM:SVC TimerManager:registerTimer called after profile-before-change notification. Ignoring timer registration for id: telemetry_modules_ping
Jul 11, 2018 10:35:48 AM org.openqa.selenium.remote.DesiredCapabilities firefox
INFO: Using `new FirefoxOptions()` is preferred to `DesiredCapabilities.firefox()`
1531294548658	geckodriver	INFO	geckodriver 0.21.0
1531294548664	geckodriver	INFO	Listening on 127.0.0.1:3618
1531294548672	mozrunner::runner	INFO	Running command: "/usr/lib/firefox/firefox" "-marionette" "-foreground" "-no-remote" "-profile" "/tmp/rust_mozprofile.ilt3RpvdlcpQ"
1531294550711	Marionette	INFO	Listening on port 33179
1531294550790	Marionette	WARN	TLS certificate errors will be ignored for this session
Jul 11, 2018 10:35:50 AM org.openqa.selenium.remote.ProtocolHandshake createSession
INFO: Detected dialect: W3C
1531294551144	addons.xpi	WARN	Exception running bootstrap method shutdown on activity-stream@mozilla.org: [Exception... "Component returned failure code: 0x80004005 (NS_ERROR_FAILURE) [nsIObserverService.removeObserver]"  nsresult: "0x80004005 (NS_ERROR_FAILURE)"  location: "JS frame :: resource://activity-stream/lib/SnippetsFeed.jsm :: uninit :: line 185"  data: no] Stack trace: uninit()@resource://activity-stream/lib/SnippetsFeed.jsm:185
onAction()@resource://activity-stream/lib/SnippetsFeed.jsm:201
_middleware/</<()@resource://activity-stream/lib/Store.jsm:49
Store/this[method]()@resource://activity-stream/lib/Store.jsm:28
uninit()@resource://activity-stream/lib/Store.jsm:151
uninit()@resource://activity-stream/lib/ActivityStream.jsm:300
uninit()@resource://gre/modules/addons/XPIProvider.jsm -> jar:file:///usr/lib/firefox/browser/features/activity-stream@mozilla.org.xpi!/bootstrap.js:73
shutdown()@resource://gre/modules/addons/XPIProvider.jsm -> jar:file:///usr/lib/firefox/browser/features/activity-stream@mozilla.org.xpi!/bootstrap.js:169
callBootstrapMethod()@resource://gre/modules/addons/XPIProvider.jsm:4436
observe()@resource://gre/modules/addons/XPIProvider.jsm:2287
GeckoDriver.prototype.quit()@driver.js:3300
despatch()@server.js:293
execute()@server.js:267
onPacket/<()@server.js:242
onPacket()@server.js:241
_onJSONObjectReady/<()@transport.js:500
*** UTM:SVC TimerManager:registerTimer called after profile-before-change notification. Ignoring timer registration for id: telemetry_modules_ping
Jul 11, 2018 10:35:51 AM org.openqa.selenium.remote.DesiredCapabilities firefox
INFO: Using `new FirefoxOptions()` is preferred to `DesiredCapabilities.firefox()`
1531294551774	geckodriver	INFO	geckodriver 0.21.0
1531294551781	geckodriver	INFO	Listening on 127.0.0.1:30155
1531294551788	mozrunner::runner	INFO	Running command: "/usr/lib/firefox/firefox" "-marionette" "-foreground" "-no-remote" "-profile" "/tmp/rust_mozprofile.3rQywBS9v6zc"
1531294553857	Marionette	INFO	Listening on port 41989
1531294553906	Marionette	WARN	TLS certificate errors will be ignored for this session
Jul 11, 2018 10:35:53 AM org.openqa.selenium.remote.ProtocolHandshake createSession
INFO: Detected dialect: W3C
1531294554020	addons.xpi	WARN	Exception running bootstrap method shutdown on activity-stream@mozilla.org: [Exception... "Component returned failure code: 0x80004005 (NS_ERROR_FAILURE) [nsIObserverService.removeObserver]"  nsresult: "0x80004005 (NS_ERROR_FAILURE)"  location: "JS frame :: resource://activity-stream/lib/SnippetsFeed.jsm :: uninit :: line 185"  data: no] Stack trace: uninit()@resource://activity-stream/lib/SnippetsFeed.jsm:185
onAction()@resource://activity-stream/lib/SnippetsFeed.jsm:201
_middleware/</<()@resource://activity-stream/lib/Store.jsm:49
Store/this[method]()@resource://activity-stream/lib/Store.jsm:28
uninit()@resource://activity-stream/lib/Store.jsm:151
uninit()@resource://activity-stream/lib/ActivityStream.jsm:300
uninit()@resource://gre/modules/addons/XPIProvider.jsm -> jar:file:///usr/lib/firefox/browser/features/activity-stream@mozilla.org.xpi!/bootstrap.js:73
shutdown()@resource://gre/modules/addons/XPIProvider.jsm -> jar:file:///usr/lib/firefox/browser/features/activity-stream@mozilla.org.xpi!/bootstrap.js:169
callBootstrapMethod()@resource://gre/modules/addons/XPIProvider.jsm:4436
observe()@resource://gre/modules/addons/XPIProvider.jsm:2287
GeckoDriver.prototype.quit()@driver.js:3300
despatch()@server.js:293
execute()@server.js:267
onPacket/<()@server.js:242
onPacket()@server.js:241
_onJSONObjectReady/<()@transport.js:500
*** UTM:SVC TimerManager:registerTimer called after profile-before-change notification. Ignoring timer registration for id: telemetry_modules_ping
]]></system-err>
</testsuite>
